  Client.cpp
C:\Users\the_f\source\repos\Banking_system\Client.cpp(14,5): error C2065: 'usernames': undeclared identifier
C:\Users\the_f\source\repos\Banking_system\Client.cpp(14,15): error C3079: an initializer list cannot be used as the right operand of this assignment operator
C:\Users\the_f\source\repos\Banking_system\Client.cpp(15,2): error C2065: 'passwords': undeclared identifier
C:\Users\the_f\source\repos\Banking_system\Client.cpp(15,12): error C3079: an initializer list cannot be used as the right operand of this assignment operator
C:\Users\the_f\source\repos\Banking_system\Client.cpp(16,2): error C2065: 'ids': undeclared identifier
C:\Users\the_f\source\repos\Banking_system\Client.cpp(16,6): error C3079: an initializer list cannot be used as the right operand of this assignment operator
C:\Users\the_f\source\repos\Banking_system\Client.cpp(18,14): error C2039: 'loadUsers': is not a member of 'Client'
      C:\Users\the_f\source\repos\Banking_system\Client.h(7,7):
      see declaration of 'Client'
  
C:\Users\the_f\source\repos\Banking_system\Client.cpp(19,19): error C2065: 'filename': undeclared identifier
C:\Users\the_f\source\repos\Banking_system\Client.cpp(28,9): error C2065: 'usernames': undeclared identifier
C:\Users\the_f\source\repos\Banking_system\Client.cpp(29,9): error C2065: 'passwords': undeclared identifier
C:\Users\the_f\source\repos\Banking_system\Client.cpp(30,9): error C2065: 'ids': undeclared identifier
C:\Users\the_f\source\repos\Banking_system\Client.cpp(34,14): error C2039: 'saveUsers': is not a member of 'Client'
      C:\Users\the_f\source\repos\Banking_system\Client.h(7,7):
      see declaration of 'Client'
  
C:\Users\the_f\source\repos\Banking_system\Client.cpp(35,19): error C2065: 'filename': undeclared identifier
C:\Users\the_f\source\repos\Banking_system\Client.cpp(40,28): error C2065: 'usernames': undeclared identifier
C:\Users\the_f\source\repos\Banking_system\Client.cpp(41,17): error C2065: 'usernames': undeclared identifier
C:\Users\the_f\source\repos\Banking_system\Client.cpp(41,40): error C2065: 'passwords': undeclared identifier
C:\Users\the_f\source\repos\Banking_system\Client.cpp(41,63): error C2065: 'ids': undeclared identifier
C:\Users\the_f\source\repos\Banking_system\Client.cpp(45,19): error C2039: 'generateRandomId': is not a member of 'Client'
      C:\Users\the_f\source\repos\Banking_system\Client.h(7,7):
      see declaration of 'Client'
  
C:\Users\the_f\source\repos\Banking_system\Client.cpp(51,18): error C2065: 'ids': undeclared identifier
C:\Users\the_f\source\repos\Banking_system\Client.cpp(51,31): error C2065: 'ids': undeclared identifier
C:\Users\the_f\source\repos\Banking_system\Client.cpp(51,13): error C2672: 'std::find': no matching overloaded function found
      C:\Program Files\Microsoft Visual Studio\2022\Community\VC\Tools\MSVC\14.43.34808\include\xutility(6185,31):
      could be '_InIt std::find(_InIt,const _InIt,const _Ty &)'
          C:\Users\the_f\source\repos\Banking_system\Client.cpp(51,13):
          '_InIt std::find(_InIt,const _InIt,const _Ty &)': expects 3 arguments - 2 provided
  
C:\Users\the_f\source\repos\Banking_system\Client.cpp(51,52): error C2065: 'ids': undeclared identifier
C:\Users\the_f\source\repos\Banking_system\Client.cpp(69,5): error C2065: 'usernames': undeclared identifier
C:\Users\the_f\source\repos\Banking_system\Client.cpp(70,5): error C2065: 'passwords': undeclared identifier
C:\Users\the_f\source\repos\Banking_system\Client.cpp(71,5): error C2065: 'ids': undeclared identifier
C:\Users\the_f\source\repos\Banking_system\Client.cpp(72,64): error C2065: 'ids': undeclared identifier
C:\Users\the_f\source\repos\Banking_system\Client.cpp(76,25): error C2065: 'usernames': undeclared identifier
C:\Users\the_f\source\repos\Banking_system\Client.cpp(77,25): error C2065: 'usernames': undeclared identifier
C:\Users\the_f\source\repos\Banking_system\Client.cpp(81,28): error C2065: 'usernames': undeclared identifier
C:\Users\the_f\source\repos\Banking_system\Client.cpp(82,13): error C2065: 'usernames': undeclared identifier
C:\Users\the_f\source\repos\Banking_system\Client.cpp(82,41): error C2065: 'passwords': undeclared identifier
C:\Users\the_f\source\repos\Banking_system\Client.cpp(83,57): error C2065: 'ids': undeclared identifier
C:\Users\the_f\source\repos\Banking_system\Client.cpp(92,28): error C2065: 'usernames': undeclared identifier
C:\Users\the_f\source\repos\Banking_system\Client.cpp(93,13): error C2065: 'usernames': undeclared identifier
C:\Users\the_f\source\repos\Banking_system\Client.cpp(93,41): error C2065: 'passwords': undeclared identifier
C:\Users\the_f\source\repos\Banking_system\Client.cpp(94,13): error C2065: 'usernames': undeclared identifier
C:\Users\the_f\source\repos\Banking_system\Client.cpp(94,29): error C2065: 'usernames': undeclared identifier
C:\Users\the_f\source\repos\Banking_system\Client.cpp(95,13): error C2065: 'passwords': undeclared identifier
C:\Users\the_f\source\repos\Banking_system\Client.cpp(95,29): error C2065: 'passwords': undeclared identifier
C:\Users\the_f\source\repos\Banking_system\Client.cpp(96,13): error C2065: 'ids': undeclared identifier
C:\Users\the_f\source\repos\Banking_system\Client.cpp(96,23): error C2065: 'ids': undeclared identifier
C:\Users\the_f\source\repos\Banking_system\Client.cpp(106,28): error C2065: 'usernames': undeclared identifier
C:\Users\the_f\source\repos\Banking_system\Client.cpp(107,13): error C2065: 'usernames': undeclared identifier
C:\Users\the_f\source\repos\Banking_system\Client.cpp(107,41): error C2065: 'ids': undeclared identifier
C:\Users\the_f\source\repos\Banking_system\Client.cpp(115,13): error C2065: 'passwords': undeclared identifier
C:\Users\the_f\source\repos\Banking_system\Client.cpp(125,28): error C2065: 'usernames': undeclared identifier
C:\Users\the_f\source\repos\Banking_system\Client.cpp(126,13): error C2065: 'usernames': undeclared identifier
C:\Users\the_f\source\repos\Banking_system\Client.cpp(126,41): error C2065: 'passwords': undeclared identifier
C:\Users\the_f\source\repos\Banking_system\Client.cpp(131,13): error C2065: 'passwords': undeclared identifier
  Main.cpp
  UI.cpp
C:\Users\the_f\source\repos\Banking_system\UI.cpp(91,3): error C2360: initialization of 'id' is skipped by 'case' label
      C:\Users\the_f\source\repos\Banking_system\UI.cpp(85,11):
      see declaration of 'id'
  
  User.cpp
  Generating Code...
